2023-06-19T13:32:24.526396 415 : [{"timestamp":"2023-06-19T17:32:24.498+00:00","status":415,"error":"Unsupported Media Type","message":"Content type 'application/x-www-form-urlencoded;charset=UTF-8' not supported","path":"/transfer"}]
2023-06-19T13:39:07.015323 415 : [{"timestamp":"2023-06-19T17:39:06.980+00:00","status":415,"error":"Unsupported Media Type","message":"Content type 'application/x-www-form-urlencoded;charset=UTF-8' not supported","path":"/transfer"}]
2023-06-19T13:43:32.550844 500 : [{"timestamp":"2023-06-19T17:43:32.531+00:00","status":500,"error":"Internal Server Error","message":"PreparedStatementCallback; SQL [INSERT INTO transfer (transfer_id, transfer_type_id, transfer_statu... (777 bytes)]
2023-06-19T13:49:06.603801 500 : [{"timestamp":"2023-06-19T17:48:28.001+00:00","status":500,"error":"Internal Server Error","message":"PreparedStatementCallback; SQL [INSERT INTO transfer (transfer_id, transfer_type_id, transfer_statu... (777 bytes)]
2023-06-19T13:49:30.968962 500 : [{"timestamp":"2023-06-19T17:49:30.943+00:00","status":500,"error":"Internal Server Error","message":"PreparedStatementCallback; SQL [INSERT INTO transfer (transfer_id, transfer_type_id, transfer_statu... (777 bytes)]
2023-06-19T13:51:49.830903 500 : [{"timestamp":"2023-06-19T17:51:49.813+00:00","status":500,"error":"Internal Server Error","message":"PreparedStatementCallback; SQL [INSERT INTO transfer (transfer_id, transfer_type_id, transfer_statu... (777 bytes)]
2023-06-19T14:02:46.765442 500 : [{"timestamp":"2023-06-19T18:02:46.739+00:00","status":500,"error":"Internal Server Error","message":"PreparedStatementCallback; SQL [INSERT INTO transfer (transfer_id, transfer_type_id, transfer_statu... (777 bytes)]
2023-06-19T14:07:38.701735 500 : [{"timestamp":"2023-06-19T18:07:38.683+00:00","status":500,"error":"Internal Server Error","message":"PreparedStatementCallback; SQL [INSERT INTO transfer (transfer_id, transfer_type_id, transfer_statu... (777 bytes)]
2023-06-19T14:08:47.535036 500 : [{"timestamp":"2023-06-19T18:08:44.131+00:00","status":500,"error":"Internal Server Error","message":"Insufficient funds to make transfer.","path":"/transfer/1001/1002/100.0"}]
2023-06-19T14:15:16.384553 500 : [{"timestamp":"2023-06-19T18:09:31.336+00:00","status":500,"error":"Internal Server Error","message":"PreparedStatementCallback; SQL [INSERT INTO transfer (transfer_id, transfer_type_id, transfer_statu... (777 bytes)]
2023-06-19T14:33:18.731386 500 : [{"timestamp":"2023-06-19T18:33:18.713+00:00","status":500,"error":"Internal Server Error","message":"Insufficient funds to make transfer.","path":"/transfer/1001/1002/100.0"}]
2023-06-19T14:33:18.765418 500 : [{"timestamp":"2023-06-19T18:33:18.761+00:00","status":500,"error":"Internal Server Error","message":"PreparedStatementCallback; SQL [INSERT INTO transfer (transfer_id, transfer_type_id, transfer_statu... (777 bytes)]
2023-06-19T14:37:09.122947 500 : [{"timestamp":"2023-06-19T18:37:09.106+00:00","status":500,"error":"Internal Server Error","message":"PreparedStatementCallback; SQL [INSERT INTO transfer (transfer_id, transfer_type_id, transfer_statu... (779 bytes)]
2023-06-19T14:48:00.73566 500 : [{"timestamp":"2023-06-19T18:47:50.367+00:00","status":500,"error":"Internal Server Error","message":"PreparedStatementCallback; SQL [INSERT INTO transfer (transfer_id, transfer_type_id, transfer_statu... (777 bytes)]
2023-06-19T14:51:42.982389 415 : [{"timestamp":"2023-06-19T18:51:42.964+00:00","status":415,"error":"Unsupported Media Type","message":"Content type 'application/x-www-form-urlencoded;charset=UTF-8' not supported","path":"/transfer"}]
2023-06-19T14:54:02.794504 500 : [{"timestamp":"2023-06-19T18:54:02.777+00:00","status":500,"error":"Internal Server Error","message":"PreparedStatementCallback; SQL [INSERT INTO transfer (transfer_id, transfer_type_id, transfer_statu... (777 bytes)]
2023-06-19T14:58:54.190173 500 : [{"timestamp":"2023-06-19T18:58:26.642+00:00","status":500,"error":"Internal Server Error","message":"PreparedStatementCallback; SQL [INSERT INTO transfer (transfer_id, transfer_type_id, transfer_statu... (777 bytes)]
2023-06-19T15:00:54.83934 500 : [{"timestamp":"2023-06-19T19:00:54.821+00:00","status":500,"error":"Internal Server Error","message":"PreparedStatementCallback; SQL [INSERT INTO transfer (transfer_id, transfer_type_id, transfer_statu... (777 bytes)]
2023-06-19T16:31:42.216033 500 : [{"timestamp":"2023-06-19T20:31:42.167+00:00","status":500,"error":"Internal Server Error","message":"PreparedStatementCallback; SQL [INSERT INTO transfer (transfer_id, transfer_type_id, transfer_statu... (777 bytes)]
2023-06-19T16:34:26.72209 500 : [{"timestamp":"2023-06-19T20:34:26.697+00:00","status":500,"error":"Internal Server Error","message":"PreparedStatementCallback; SQL [INSERT INTO tenmo_user (username, password_hash) VALUES (?, ?) RETU... (524 bytes)]
2023-06-19T16:34:31.223799 500 : [{"timestamp":"2023-06-19T20:34:31.221+00:00","status":500,"error":"Internal Server Error","message":"PreparedStatementCallback; SQL [INSERT INTO tenmo_user (username, password_hash) VALUES (?, ?) RETU... (524 bytes)]
2023-06-19T16:39:15.564841 500 : [{"timestamp":"2023-06-19T20:39:15.442+00:00","status":500,"error":"Internal Server Error","message":"PreparedStatementCallback; SQL [INSERT INTO transfer (transfer_id, transfer_type_id, transfer_statu... (777 bytes)]
2023-06-19T16:43:54.877248 500 : [{"timestamp":"2023-06-19T20:43:54.855+00:00","status":500,"error":"Internal Server Error","message":"PreparedStatementCallback; SQL [INSERT INTO transfer (transfer_id, transfer_type_id, transfer_statu... (777 bytes)]
2023-06-19T18:06:56.269848 401 : [no body]
2023-06-19T18:07:09.684217 401 : [no body]
2023-06-19T18:10:18.672214 500 : [{"timestamp":"2023-06-19T22:10:18.652+00:00","status":500,"error":"Internal Server Error","message":"Cannot request money from yourself.","path":"/transfer"}]
2023-06-19T18:11:01.350561 500 : [{"timestamp":"2023-06-19T22:11:01.348+00:00","status":500,"error":"Internal Server Error","message":"Cannot send money to yourself.","path":"/transfer/1001/1001/100.0"}]
2023-06-19T18:11:01.366133 500 : [{"timestamp":"2023-06-19T22:11:01.364+00:00","status":500,"error":"Internal Server Error","message":"Cannot request money from yourself.","path":"/transfer"}]
2023-06-19T19:06:04.269418 500 : [{"timestamp":"2023-06-19T23:06:04.246+00:00","status":500,"error":"Internal Server Error","message":"Cannot send money to yourself.","path":"/transfer/1001/1001/100.0"}]
2023-06-19T19:06:04.302604 500 : [{"timestamp":"2023-06-19T23:06:04.299+00:00","status":500,"error":"Internal Server Error","message":"Cannot send/request money from yourself.","path":"/transfer"}]
